<?xml version="1.0" encoding="UTF-8"?>
<!-- Generated by org.testng.reporters.JUnitXMLReporter -->
<testsuite ignored="1" hostname="AGWN-RNT-DTOP-4" failures="0" tests="2" name="testng" time="17.289" errors="0" timestamp="2022-07-20T17:03:51 IST">
  <testcase classname="Testngpractice.practice" name="Selections" time="8.12"/>
  <testcase classname="Testngpractice.practice" name="Usercreation" time="9.167"/>
  <testcase classname="Testngpractice.practice" name="DragnDrop" time="0.0">
    <ignored/>
  </testcase> <!-- DragnDrop -->
</testsuite> <!-- testng -->
