<?xml version="1.0" encoding="UTF-8"?>
<testng-results ignored="0" total="1" passed="1" failed="0" skipped="0">
  <reporter-output>
  </reporter-output>
  <suite started-at="2022-07-20T19:43:00 IST" name="Default suite" finished-at="2022-07-20T19:43:13 IST" duration-ms="13130">
    <groups>
    </groups>
    <test started-at="2022-07-20T19:43:00 IST" name="Default test" finished-at="2022-07-20T19:43:13 IST" duration-ms="13130">
      <class name="Testngpractice.ProgessBar">
        <test-method signature="ProgressBar()[pri:0, instance:Testngpractice.ProgessBar@3d5c822d]" started-at="2022-07-20T19:43:00 IST" name="ProgressBar" finished-at="2022-07-20T19:43:13 IST" duration-ms="13108" status="PASS">
          <reporter-output>
          </reporter-output>
        </test-method> <!-- ProgressBar -->
      </class> <!-- Testngpractice.ProgessBar -->
    </test> <!-- Default test -->
  </suite> <!-- Default suite -->
</testng-results>
